<?xml version="1.0" encoding="UTF-8"?>
<testsuite xmlns:xsi="http://www.w3.org/2001/XMLSchema-instance" xsi:noNamespaceSchemaLocation="https://maven.apache.org/surefire/maven-surefire-plugin/xsd/surefire-test-report.xsd" name="io.github.krzyczak.AppTest" time="0.027" tests="1" errors="0" skipped="0" failures="0">
  <properties>
    <property name="gopherProxySet" value="false"/>
    <property name="awt.toolkit" value="sun.lwawt.macosx.LWCToolkit"/>
    <property name="exec.mainClass" value="io.github.krzyczak.App"/>
    <property name="file.encoding.pkg" value="sun.io"/>
    <property name="java.specification.version" value="1.8"/>
    <property name="sun.cpu.isalist" value=""/>
    <property name="sun.jnu.encoding" value="UTF-8"/>
    <property name="java.class.path" value="/Users/krzyczak/NetBeansProjects/CamelTesting/target/test-classes:/Users/krzyczak/NetBeansProjects/CamelTesting/target/classes:/Users/krzyczak/.m2/repository/org/apache/camel/camel-core/3.1.0/camel-core-3.1.0.jar:/Users/krzyczak/.m2/repository/org/apache/camel/camel-core-engine/3.1.0/camel-core-engine-3.1.0.jar:/Users/krzyczak/.m2/repository/org/apache/camel/camel-api/3.1.0/camel-api-3.1.0.jar:/Users/krzyczak/.m2/repository/org/apache/camel/camel-base/3.1.0/camel-base-3.1.0.jar:/Users/krzyczak/.m2/repository/org/apache/camel/camel-management-api/3.1.0/camel-management-api-3.1.0.jar:/Users/krzyczak/.m2/repository/org/apache/camel/camel-support/3.1.0/camel-support-3.1.0.jar:/Users/krzyczak/.m2/repository/org/apache/camel/camel-util/3.1.0/camel-util-3.1.0.jar:/Users/krzyczak/.m2/repository/org/apache/camel/camel-bean/3.1.0/camel-bean-3.1.0.jar:/Users/krzyczak/.m2/repository/org/apache/camel/camel-browse/3.1.0/camel-browse-3.1.0.jar:/Users/krzyczak/.m2/repository/org/apache/camel/camel-caffeine-lrucache/3.1.0/camel-caffeine-lrucache-3.1.0.jar:/Users/krzyczak/.m2/repository/com/github/ben-manes/caffeine/caffeine/2.8.1/caffeine-2.8.1.jar:/Users/krzyczak/.m2/repository/org/apache/camel/camel-controlbus/3.1.0/camel-controlbus-3.1.0.jar:/Users/krzyczak/.m2/repository/org/apache/camel/camel-dataformat/3.1.0/camel-dataformat-3.1.0.jar:/Users/krzyczak/.m2/repository/org/apache/camel/camel-dataset/3.1.0/camel-dataset-3.1.0.jar:/Users/krzyczak/.m2/repository/org/apache/camel/camel-direct/3.1.0/camel-direct-3.1.0.jar:/Users/krzyczak/.m2/repository/org/apache/camel/camel-directvm/3.1.0/camel-directvm-3.1.0.jar:/Users/krzyczak/.m2/repository/org/apache/camel/camel-file/3.1.0/camel-file-3.1.0.jar:/Users/krzyczak/.m2/repository/org/apache/camel/camel-core-catalog/3.1.0/camel-core-catalog-3.1.0.jar:/Users/krzyczak/.m2/repository/org/apache/camel/camel-language/3.1.0/camel-language-3.1.0.jar:/Users/krzyczak/.m2/repository/org/apache/camel/camel-log/3.1.0/camel-log-3.1.0.jar:/Users/krzyczak/.m2/repository/org/apache/camel/camel-mock/3.1.0/camel-mock-3.1.0.jar:/Users/krzyczak/.m2/repository/org/apache/camel/camel-ref/3.1.0/camel-ref-3.1.0.jar:/Users/krzyczak/.m2/repository/org/apache/camel/camel-rest/3.1.0/camel-rest-3.1.0.jar:/Users/krzyczak/.m2/repository/org/apache/camel/camel-tooling-model/3.1.0/camel-tooling-model-3.1.0.jar:/Users/krzyczak/.m2/repository/org/apache/camel/camel-util-json/3.1.0/camel-util-json-3.1.0.jar:/Users/krzyczak/.m2/repository/org/apache/camel/camel-saga/3.1.0/camel-saga-3.1.0.jar:/Users/krzyczak/.m2/repository/org/apache/camel/camel-scheduler/3.1.0/camel-scheduler-3.1.0.jar:/Users/krzyczak/.m2/repository/org/apache/camel/camel-seda/3.1.0/camel-seda-3.1.0.jar:/Users/krzyczak/.m2/repository/org/apache/camel/camel-stub/3.1.0/camel-stub-3.1.0.jar:/Users/krzyczak/.m2/repository/org/apache/camel/camel-timer/3.1.0/camel-timer-3.1.0.jar:/Users/krzyczak/.m2/repository/org/apache/camel/camel-validator/3.1.0/camel-validator-3.1.0.jar:/Users/krzyczak/.m2/repository/org/apache/camel/camel-xml-jaxp/3.1.0/camel-xml-jaxp-3.1.0.jar:/Users/krzyczak/.m2/repository/org/apache/camel/camel-vm/3.1.0/camel-vm-3.1.0.jar:/Users/krzyczak/.m2/repository/org/apache/camel/camel-xpath/3.1.0/camel-xpath-3.1.0.jar:/Users/krzyczak/.m2/repository/org/apache/camel/camel-xslt/3.1.0/camel-xslt-3.1.0.jar:/Users/krzyczak/.m2/repository/org/apache/camel/camel-xml-jaxb/3.1.0/camel-xml-jaxb-3.1.0.jar:/Users/krzyczak/.m2/repository/jakarta/xml/bind/jakarta.xml.bind-api/2.3.2/jakarta.xml.bind-api-2.3.2.jar:/Users/krzyczak/.m2/repository/jakarta/activation/jakarta.activation-api/1.2.1/jakarta.activation-api-1.2.1.jar:/Users/krzyczak/.m2/repository/com/sun/xml/bind/jaxb-core/2.3.0/jaxb-core-2.3.0.jar:/Users/krzyczak/.m2/repository/com/sun/xml/bind/jaxb-impl/2.3.0/jaxb-impl-2.3.0.jar:/Users/krzyczak/.m2/repository/org/slf4j/slf4j-api/1.7.30/slf4j-api-1.7.30.jar:/Users/krzyczak/.m2/repository/org/junit/jupiter/junit-jupiter/5.6.0/junit-jupiter-5.6.0.jar:/Users/krzyczak/.m2/repository/org/junit/jupiter/junit-jupiter-api/5.6.0/junit-jupiter-api-5.6.0.jar:/Users/krzyczak/.m2/repository/org/apiguardian/apiguardian-api/1.1.0/apiguardian-api-1.1.0.jar:/Users/krzyczak/.m2/repository/org/opentest4j/opentest4j/1.2.0/opentest4j-1.2.0.jar:/Users/krzyczak/.m2/repository/org/junit/platform/junit-platform-commons/1.6.0/junit-platform-commons-1.6.0.jar:/Users/krzyczak/.m2/repository/org/junit/jupiter/junit-jupiter-params/5.6.0/junit-jupiter-params-5.6.0.jar:/Users/krzyczak/.m2/repository/org/junit/jupiter/junit-jupiter-engine/5.6.0/junit-jupiter-engine-5.6.0.jar:/Users/krzyczak/.m2/repository/org/junit/platform/junit-platform-engine/1.6.0/junit-platform-engine-1.6.0.jar:"/>
    <property name="java.vm.vendor" value="Oracle Corporation"/>
    <property name="sun.arch.data.model" value="64"/>
    <property name="java.vendor.url" value="http://java.oracle.com/"/>
    <property name="user.timezone" value=""/>
    <property name="java.vm.specification.version" value="1.8"/>
    <property name="os.name" value="Mac OS X"/>
    <property name="user.country" value="GB"/>
    <property name="sun.java.launcher" value="SUN_STANDARD"/>
    <property name="sun.boot.library.path" value="/Library/Java/JavaVirtualMachines/jdk1.8.0_191.jdk/Contents/Home/jre/lib"/>
    <property name="sun.java.command" value="/Users/krzyczak/NetBeansProjects/CamelTesting/target/surefire/surefirebooter2751385759374009931.jar /Users/krzyczak/NetBeansProjects/CamelTesting/target/surefire 2020-03-11T12-18-50_217-jvmRun1 surefire1653618018641769993tmp surefire_04489571078828842904tmp"/>
    <property name="http.nonProxyHosts" value="local|*.local|169.254/16|*.169.254/16"/>
    <property name="surefire.test.class.path" value="/Users/krzyczak/NetBeansProjects/CamelTesting/target/test-classes:/Users/krzyczak/NetBeansProjects/CamelTesting/target/classes:/Users/krzyczak/.m2/repository/org/apache/camel/camel-core/3.1.0/camel-core-3.1.0.jar:/Users/krzyczak/.m2/repository/org/apache/camel/camel-core-engine/3.1.0/camel-core-engine-3.1.0.jar:/Users/krzyczak/.m2/repository/org/apache/camel/camel-api/3.1.0/camel-api-3.1.0.jar:/Users/krzyczak/.m2/repository/org/apache/camel/camel-base/3.1.0/camel-base-3.1.0.jar:/Users/krzyczak/.m2/repository/org/apache/camel/camel-management-api/3.1.0/camel-management-api-3.1.0.jar:/Users/krzyczak/.m2/repository/org/apache/camel/camel-support/3.1.0/camel-support-3.1.0.jar:/Users/krzyczak/.m2/repository/org/apache/camel/camel-util/3.1.0/camel-util-3.1.0.jar:/Users/krzyczak/.m2/repository/org/apache/camel/camel-bean/3.1.0/camel-bean-3.1.0.jar:/Users/krzyczak/.m2/repository/org/apache/camel/camel-browse/3.1.0/camel-browse-3.1.0.jar:/Users/krzyczak/.m2/repository/org/apache/camel/camel-caffeine-lrucache/3.1.0/camel-caffeine-lrucache-3.1.0.jar:/Users/krzyczak/.m2/repository/com/github/ben-manes/caffeine/caffeine/2.8.1/caffeine-2.8.1.jar:/Users/krzyczak/.m2/repository/org/apache/camel/camel-controlbus/3.1.0/camel-controlbus-3.1.0.jar:/Users/krzyczak/.m2/repository/org/apache/camel/camel-dataformat/3.1.0/camel-dataformat-3.1.0.jar:/Users/krzyczak/.m2/repository/org/apache/camel/camel-dataset/3.1.0/camel-dataset-3.1.0.jar:/Users/krzyczak/.m2/repository/org/apache/camel/camel-direct/3.1.0/camel-direct-3.1.0.jar:/Users/krzyczak/.m2/repository/org/apache/camel/camel-directvm/3.1.0/camel-directvm-3.1.0.jar:/Users/krzyczak/.m2/repository/org/apache/camel/camel-file/3.1.0/camel-file-3.1.0.jar:/Users/krzyczak/.m2/repository/org/apache/camel/camel-core-catalog/3.1.0/camel-core-catalog-3.1.0.jar:/Users/krzyczak/.m2/repository/org/apache/camel/camel-language/3.1.0/camel-language-3.1.0.jar:/Users/krzyczak/.m2/repository/org/apache/camel/camel-log/3.1.0/camel-log-3.1.0.jar:/Users/krzyczak/.m2/repository/org/apache/camel/camel-mock/3.1.0/camel-mock-3.1.0.jar:/Users/krzyczak/.m2/repository/org/apache/camel/camel-ref/3.1.0/camel-ref-3.1.0.jar:/Users/krzyczak/.m2/repository/org/apache/camel/camel-rest/3.1.0/camel-rest-3.1.0.jar:/Users/krzyczak/.m2/repository/org/apache/camel/camel-tooling-model/3.1.0/camel-tooling-model-3.1.0.jar:/Users/krzyczak/.m2/repository/org/apache/camel/camel-util-json/3.1.0/camel-util-json-3.1.0.jar:/Users/krzyczak/.m2/repository/org/apache/camel/camel-saga/3.1.0/camel-saga-3.1.0.jar:/Users/krzyczak/.m2/repository/org/apache/camel/camel-scheduler/3.1.0/camel-scheduler-3.1.0.jar:/Users/krzyczak/.m2/repository/org/apache/camel/camel-seda/3.1.0/camel-seda-3.1.0.jar:/Users/krzyczak/.m2/repository/org/apache/camel/camel-stub/3.1.0/camel-stub-3.1.0.jar:/Users/krzyczak/.m2/repository/org/apache/camel/camel-timer/3.1.0/camel-timer-3.1.0.jar:/Users/krzyczak/.m2/repository/org/apache/camel/camel-validator/3.1.0/camel-validator-3.1.0.jar:/Users/krzyczak/.m2/repository/org/apache/camel/camel-xml-jaxp/3.1.0/camel-xml-jaxp-3.1.0.jar:/Users/krzyczak/.m2/repository/org/apache/camel/camel-vm/3.1.0/camel-vm-3.1.0.jar:/Users/krzyczak/.m2/repository/org/apache/camel/camel-xpath/3.1.0/camel-xpath-3.1.0.jar:/Users/krzyczak/.m2/repository/org/apache/camel/camel-xslt/3.1.0/camel-xslt-3.1.0.jar:/Users/krzyczak/.m2/repository/org/apache/camel/camel-xml-jaxb/3.1.0/camel-xml-jaxb-3.1.0.jar:/Users/krzyczak/.m2/repository/jakarta/xml/bind/jakarta.xml.bind-api/2.3.2/jakarta.xml.bind-api-2.3.2.jar:/Users/krzyczak/.m2/repository/jakarta/activation/jakarta.activation-api/1.2.1/jakarta.activation-api-1.2.1.jar:/Users/krzyczak/.m2/repository/com/sun/xml/bind/jaxb-core/2.3.0/jaxb-core-2.3.0.jar:/Users/krzyczak/.m2/repository/com/sun/xml/bind/jaxb-impl/2.3.0/jaxb-impl-2.3.0.jar:/Users/krzyczak/.m2/repository/org/slf4j/slf4j-api/1.7.30/slf4j-api-1.7.30.jar:/Users/krzyczak/.m2/repository/org/junit/jupiter/junit-jupiter/5.6.0/junit-jupiter-5.6.0.jar:/Users/krzyczak/.m2/repository/org/junit/jupiter/junit-jupiter-api/5.6.0/junit-jupiter-api-5.6.0.jar:/Users/krzyczak/.m2/repository/org/apiguardian/apiguardian-api/1.1.0/apiguardian-api-1.1.0.jar:/Users/krzyczak/.m2/repository/org/opentest4j/opentest4j/1.2.0/opentest4j-1.2.0.jar:/Users/krzyczak/.m2/repository/org/junit/platform/junit-platform-commons/1.6.0/junit-platform-commons-1.6.0.jar:/Users/krzyczak/.m2/repository/org/junit/jupiter/junit-jupiter-params/5.6.0/junit-jupiter-params-5.6.0.jar:/Users/krzyczak/.m2/repository/org/junit/jupiter/junit-jupiter-engine/5.6.0/junit-jupiter-engine-5.6.0.jar:/Users/krzyczak/.m2/repository/org/junit/platform/junit-platform-engine/1.6.0/junit-platform-engine-1.6.0.jar:"/>
    <property name="sun.cpu.endian" value="little"/>
    <property name="user.home" value="/Users/krzyczak"/>
    <property name="user.language" value="en"/>
    <property name="java.specification.vendor" value="Oracle Corporation"/>
    <property name="java.home" value="/Library/Java/JavaVirtualMachines/jdk1.8.0_191.jdk/Contents/Home/jre"/>
    <property name="basedir" value="/Users/krzyczak/NetBeansProjects/CamelTesting"/>
    <property name="file.separator" value="/"/>
    <property name="line.separator" value="&#10;"/>
    <property name="java.vm.specification.vendor" value="Oracle Corporation"/>
    <property name="java.specification.name" value="Java Platform API Specification"/>
    <property name="java.awt.graphicsenv" value="sun.awt.CGraphicsEnvironment"/>
    <property name="surefire.real.class.path" value="/Users/krzyczak/NetBeansProjects/CamelTesting/target/surefire/surefirebooter2751385759374009931.jar"/>
    <property name="sun.boot.class.path" value="/Library/Java/JavaVirtualMachines/jdk1.8.0_191.jdk/Contents/Home/jre/lib/resources.jar:/Library/Java/JavaVirtualMachines/jdk1.8.0_191.jdk/Contents/Home/jre/lib/rt.jar:/Library/Java/JavaVirtualMachines/jdk1.8.0_191.jdk/Contents/Home/jre/lib/sunrsasign.jar:/Library/Java/JavaVirtualMachines/jdk1.8.0_191.jdk/Contents/Home/jre/lib/jsse.jar:/Library/Java/JavaVirtualMachines/jdk1.8.0_191.jdk/Contents/Home/jre/lib/jce.jar:/Library/Java/JavaVirtualMachines/jdk1.8.0_191.jdk/Contents/Home/jre/lib/charsets.jar:/Library/Java/JavaVirtualMachines/jdk1.8.0_191.jdk/Contents/Home/jre/lib/jfr.jar:/Library/Java/JavaVirtualMachines/jdk1.8.0_191.jdk/Contents/Home/jre/classes"/>
    <property name="sun.management.compiler" value="HotSpot 64-Bit Tiered Compilers"/>
    <property name="ftp.nonProxyHosts" value="local|*.local|169.254/16|*.169.254/16"/>
    <property name="java.runtime.version" value="1.8.0_191-b12"/>
    <property name="user.name" value="krzyczak"/>
    <property name="path.separator" value=":"/>
    <property name="os.version" value="10.12.6"/>
    <property name="java.endorsed.dirs" value="/Library/Java/JavaVirtualMachines/jdk1.8.0_191.jdk/Contents/Home/jre/lib/endorsed"/>
    <property name="java.runtime.name" value="Java(TM) SE Runtime Environment"/>
    <property name="file.encoding" value="UTF-8"/>
    <property name="java.vm.name" value="Java HotSpot(TM) 64-Bit Server VM"/>
    <property name="localRepository" value="/Users/krzyczak/.m2/repository"/>
    <property name="java.vendor.url.bug" value="http://bugreport.sun.com/bugreport/"/>
    <property name="java.io.tmpdir" value="/var/folders/_5/m499z8bx15sf_1pgzvqx70gr0000gn/T/"/>
    <property name="java.version" value="1.8.0_191"/>
    <property name="user.dir" value="/Users/krzyczak/NetBeansProjects/CamelTesting"/>
    <property name="os.arch" value="x86_64"/>
    <property name="java.vm.specification.name" value="Java Virtual Machine Specification"/>
    <property name="java.awt.printerjob" value="sun.lwawt.macosx.CPrinterJob"/>
    <property name="sun.os.patch.level" value="unknown"/>
    <property name="java.library.path" value="/Users/krzyczak/Library/Java/Extensions:/Library/Java/Extensions:/Network/Library/Java/Extensions:/System/Library/Java/Extensions:/usr/lib/java:."/>
    <property name="java.vm.info" value="mixed mode"/>
    <property name="java.vendor" value="Oracle Corporation"/>
    <property name="java.vm.version" value="25.191-b12"/>
    <property name="java.ext.dirs" value="/Users/krzyczak/Library/Java/Extensions:/Library/Java/JavaVirtualMachines/jdk1.8.0_191.jdk/Contents/Home/jre/lib/ext:/Library/Java/Extensions:/Network/Library/Java/Extensions:/System/Library/Java/Extensions:/usr/lib/java"/>
    <property name="sun.io.unicode.encoding" value="UnicodeBig"/>
    <property name="java.class.version" value="52.0"/>
    <property name="socksNonProxyHosts" value="local|*.local|169.254/16|*.169.254/16"/>
  </properties>
  <testcase name="shouldAnswerWithTrue" classname="io.github.krzyczak.AppTest" time="0.019"/>
</testsuite>